[dotenv@17.2.4] injecting env (4) from .env -- tip: ⚙️  load multiple .env files with { path: ['.env.local', '.env'] }
Server running at http://localhost:4000
Connected to MongoDB
Creating Razorpay order with body: {
  amount: 3621,
  customerDetails: {
    name: 'aryan',
    email: 'aryan.mathur2503@gmail.com',
    phone: '7624937193'
  },
  busDetails: {
    busNumber: 'Car',
    route: 'Direct to Destination',
    departureTime: '2026-04-06T13:09:57.553Z',
    arrivalTime: '2026-04-06T13:09:57.553Z',
    seats: [ 'Car' ]
  },
  receipt: 'receipt_1775480997554'
}
Creating Razorpay order with body: {
  amount: 3621,
  customerDetails: {
    name: 'aryan',
    email: 'aryan.mathur2503@gmail.com',
    phone: '7624937193'
  },
  busDetails: {
    busNumber: 'Car',
    route: 'Direct to Destination',
    departureTime: '2026-04-06T13:10:11.052Z',
    arrivalTime: '2026-04-06T13:10:11.052Z',
    seats: [ 'Car' ]
  },
  receipt: 'receipt_1775481011052'
}
Creating Razorpay order with body: {
  amount: 1143,
  customerDetails: {
    name: 'aryan mathur',
    email: 'aryan.mathur2503@gmail.com',
    phone: '7624937193'
  },
  busDetails: {
    busNumber: 'Bus',
    route: 'Direct to Destination',
    departureTime: '2026-04-06T13:19:19.718Z',
    arrivalTime: '2026-04-06T13:19:19.718Z',
    seats: [ 'Bus (9 Persons)' ]
  },
  receipt: 'receipt_1775481559718'
}
